Using pre-set license
Built from '2021.3/staging' branch; Version is '2021.3.11f1 (0a5ca18544bf) revision 679073'; Using compiler version '192829333'; Build Type 'Release'
OS: 'Windows 10  (10.0.19044) 64bit Professional' Language: 'en' Physical Memory: 32644 MB
BatchMode: 1, IsHumanControllingUs: 0, StartBugReporterOnCrash: 0, Is64bit: 1, IsPro: 1

COMMAND LINE ARGUMENTS:
D:\Unity Versions\2021.3.11f1\Editor\Unity.exe
-adb2
-batchMode
-noUpm
-name
AssetImportWorker2
-projectPath
F:/GIMM480/Dawn Chorus Game/DawnChorus/DawnChorus
-logFile
Logs/AssetImportWorker2.log
-srvPort
51524
Successfully changed project path to: F:/GIMM480/Dawn Chorus Game/DawnChorus/DawnChorus
F:/GIMM480/Dawn Chorus Game/DawnChorus/DawnChorus
[UnityMemory] Configuration Parameters - Can be set up in boot.config
    "memorysetup-bucket-allocator-granularity=16"
    "memorysetup-bucket-allocator-bucket-count=8"
    "memorysetup-bucket-allocator-block-size=33554432"
    "memorysetup-bucket-allocator-block-count=8"
    "memorysetup-main-allocator-block-size=16777216"
    "memorysetup-thread-allocator-block-size=16777216"
    "memorysetup-gfx-main-allocator-block-size=16777216"
    "memorysetup-gfx-thread-allocator-block-size=16777216"
    "memorysetup-cache-allocator-block-size=4194304"
    "memorysetup-typetree-allocator-block-size=2097152"
    "memorysetup-profiler-bucket-allocator-granularity=16"
    "memorysetup-profiler-bucket-allocator-bucket-count=8"
    "memorysetup-profiler-bucket-allocator-block-size=33554432"
    "memorysetup-profiler-bucket-allocator-block-count=8"
    "memorysetup-profiler-allocator-block-size=16777216"
    "memorysetup-profiler-editor-allocator-block-size=1048576"
    "memorysetup-temp-allocator-size-main=16777216"
    "memorysetup-job-temp-allocator-block-size=2097152"
    "memorysetup-job-temp-allocator-block-size-background=1048576"
    "memorysetup-job-temp-allocator-reduction-small-platforms=262144"
    "memorysetup-temp-allocator-size-background-worker=32768"
    "memorysetup-temp-allocator-size-job-worker=262144"
    "memorysetup-temp-allocator-size-preload-manager=33554432"
    "memorysetup-temp-allocator-size-nav-mesh-worker=65536"
    "memorysetup-temp-allocator-size-audio-worker=65536"
    "memorysetup-temp-allocator-size-cloud-worker=32768"
    "memorysetup-temp-allocator-size-gi-baking-worker=262144"
    "memorysetup-temp-allocator-size-gfx=262144"
Refreshing native plugins compatible for Editor in 121.17 ms, found 3 plugins.
Preloading 0 native plugins for Editor in 0.00 ms.
Initialize engine version: 2021.3.11f1 (0a5ca18544bf)
[Subsystems] Discovering subsystems at path D:/Unity Versions/2021.3.11f1/Editor/Data/Resources/UnitySubsystems
[Subsystems] Discovering subsystems at path F:/GIMM480/Dawn Chorus Game/DawnChorus/DawnChorus/Assets
GfxDevice: creating device client; threaded=0; jobified=0
Direct3D:
    Version:  Direct3D 11.0 [level 11.1]
    Renderer: NVIDIA GeForce RTX 2060 (ID=0x1f11)
    Vendor:   NVIDIA
    VRAM:     5980 MB
    Driver:   30.0.15.1278
Initialize mono
Mono path[0] = 'D:/Unity Versions/2021.3.11f1/Editor/Data/Managed'
Mono path[1] = 'D:/Unity Versions/2021.3.11f1/Editor/Data/MonoBleedingEdge/lib/mono/unityjit-win32'
Mono config path = 'D:/Unity Versions/2021.3.11f1/Editor/Data/MonoBleedingEdge/etc'
Using monoOptions --debugger-agent=transport=dt_socket,embedding=1,server=y,suspend=n,address=127.0.0.1:56300
Begin MonoManager ReloadAssembly
Registering precompiled unity dll's ...
Register platform support module: D:/Unity Versions/2021.3.11f1/Editor/Data/PlaybackEngines/WindowsStandaloneSupport/UnityEditor.WindowsStandalone.Extensions.dll
Registered in 0.002906 seconds.
Native extension for WindowsStandalone target not found
Refreshing native plugins compatible for Editor in 106.42 ms, found 3 plugins.
Preloading 0 native plugins for Editor in 0.00 ms.
Mono: successfully reloaded assembly
- Completed reload, in  0.784 seconds
Domain Reload Profiling:
	ReloadAssembly (784ms)
		BeginReloadAssembly (90ms)
			ExecutionOrderSort (0ms)
			DisableScriptedObjects (0ms)
			BackupInstance (0ms)
			ReleaseScriptingObjects (0ms)
			CreateAndSetChildDomain (1ms)
		EndReloadAssembly (578ms)
			LoadAssemblies (89ms)
			RebuildTransferFunctionScriptingTraits (0ms)
			SetupTypeCache (116ms)
			ReleaseScriptCaches (0ms)
			RebuildScriptCaches (31ms)
			SetupLoadedEditorAssemblies (379ms)
				LogAssemblyErrors (0ms)
				InitializePlatformSupportModulesInManaged (8ms)
				SetLoadedEditorAssemblies (0ms)
				RefreshPlugins (107ms)
				BeforeProcessingInitializeOnLoad (2ms)
				ProcessInitializeOnLoadAttributes (200ms)
				ProcessInitializeOnLoadMethodAttributes (63ms)
				AfterProcessingInitializeOnLoad (0ms)
				EditorAssembliesLoaded (0ms)
			ExecutionOrderSort2 (0ms)
			AwakeInstancesAfterBackupRestoration (0ms)
Platform modules already initialized, skipping
Registering precompiled user dll's ...
Registered in 0.008290 seconds.
Begin MonoManager ReloadAssembly
Symbol file LoadedFromMemory doesn't match image F:\GIMM480\Dawn Chorus Game\DawnChorus\DawnChorus\Library\PackageCache\com.unity.visualscripting@1.7.8\Editor\VisualScripting.Core\Dependencies\YamlDotNet\Unity.VisualScripting.YamlDotNet.dll
Symbol file LoadedFromMemory doesn't match image F:\GIMM480\Dawn Chorus Game\DawnChorus\DawnChorus\Library\PackageCache\com.unity.visualscripting@1.7.8\Editor\VisualScripting.Core\Dependencies\DotNetZip\Unity.VisualScripting.IonicZip.dll
Native extension for WindowsStandalone target not found
Refreshing native plugins compatible for Editor in 0.60 ms, found 3 plugins.
Preloading 0 native plugins for Editor in 0.00 ms.
Mono: successfully reloaded assembly
- Completed reload, in  1.178 seconds
Domain Reload Profiling:
	ReloadAssembly (1178ms)
		BeginReloadAssembly (123ms)
			ExecutionOrderSort (0ms)
			DisableScriptedObjects (7ms)
			BackupInstance (0ms)
			ReleaseScriptingObjects (0ms)
			CreateAndSetChildDomain (19ms)
		EndReloadAssembly (925ms)
			LoadAssemblies (99ms)
			RebuildTransferFunctionScriptingTraits (0ms)
			SetupTypeCache (336ms)
			ReleaseScriptCaches (1ms)
			RebuildScriptCaches (55ms)
			SetupLoadedEditorAssemblies (400ms)
				LogAssemblyErrors (0ms)
				InitializePlatformSupportModulesInManaged (4ms)
				SetLoadedEditorAssemblies (0ms)
				RefreshPlugins (1ms)
				BeforeProcessingInitializeOnLoad (94ms)
				ProcessInitializeOnLoadAttributes (267ms)
				ProcessInitializeOnLoadMethodAttributes (30ms)
				AfterProcessingInitializeOnLoad (3ms)
				EditorAssembliesLoaded (0ms)
			ExecutionOrderSort2 (0ms)
			AwakeInstancesAfterBackupRestoration (7ms)
Platform modules already initialized, skipping
========================================================================
Worker process is ready to serve import requests
Launched and connected shader compiler UnityShaderCompiler.exe after 0.04 seconds
Refreshing native plugins compatible for Editor in 1.67 ms, found 3 plugins.
Preloading 0 native plugins for Editor in 0.00 ms.
Unloading 3759 Unused Serialized files (Serialized files now loaded: 0)
Unloading 28 unused Assets / (167.1 KB). Loaded Objects now: 4217.
Memory consumption went from 134.2 MB to 134.0 MB.
Total: 4.427500 ms (FindLiveObjects: 0.536600 ms CreateObjectMapping: 0.401200 ms MarkObjects: 3.347100 ms  DeleteObjects: 0.141600 ms)

AssetImportParameters requested are different than current active one (requested -> active):
  custom:video-decoder-ogg-theora: a1e56fd34408186e4bbccfd4996cb3dc -> 
  custom:container-muxer-webm: aa71ff27fc2769a1b78a27578f13a17b -> 
  custom:container-demuxer-webm: 4f35f7cbe854078d1ac9338744f61a02 -> 
  custom:video-encoder-webm-vp8: eb34c28f22e8b96e1ab97ce403110664 -> 
  custom:video-codec-MediaFoundation-h265: 746d11721c4dcdbdad8f713fa42b33f4 -> 
  custom:audio-encoder-webm-vorbis: bf7c407c2cedff20999df2af8eb42d56 -> 
  custom:framework-win-MediaFoundation: 216162199b28c13a410421893ffa2e32 -> 
  custom:container-demuxer-ogg: 62fdf1f143b41e24485cea50d1cbac27 -> 
  custom:video-decoder-webm-vp8: 9c59270c3fd7afecdb556c50c9e8de78 -> 
  custom:audio-decoder-ogg-vorbis: bf7c407c2cedff20999df2af8eb42d56 -> 
========================================================================
Received Import Request.
  Time since last request: 398047.378762 seconds.
  path: Assets/GameAudio/MusicMaster.mixer
  artifactKey: Guid(1a97a9b7d84d77a468ed87d5a73826e0) Importer(815301076,1909f56bfc062723c751e8b465ee728b)
Start importing Assets/GameAudio/MusicMaster.mixer using Guid(1a97a9b7d84d77a468ed87d5a73826e0) Importer(815301076,1909f56bfc062723c751e8b465ee728b)  -> (artifact id: 'b1f2fde1da44b39ffeacc352fbdf040f') in 0.047854 seconds 
========================================================================
Received Import Request.
  Time since last request: 2.984981 seconds.
  path: Assets/GameAudio/AudioFiles/1_distanthowl.wav
  artifactKey: Guid(e3d7270314559d840b5de217636c9054) Importer(815301076,1909f56bfc062723c751e8b465ee728b)
Start importing Assets/GameAudio/AudioFiles/1_distanthowl.wav using Guid(e3d7270314559d840b5de217636c9054) Importer(815301076,1909f56bfc062723c751e8b465ee728b)  -> (artifact id: '3c8a4590775845902cc92653afa5335b') in 0.145008 seconds 
========================================================================
Received Import Request.
  Time since last request: 5.775725 seconds.
  path: Assets/Game Folder/Materials/axehandle.mat
  artifactKey: Guid(c70b8a96024dca14a8da36328a0f55c4) Importer(815301076,1909f56bfc062723c751e8b465ee728b)
Start importing Assets/Game Folder/Materials/axehandle.mat using Guid(c70b8a96024dca14a8da36328a0f55c4) Importer(815301076,1909f56bfc062723c751e8b465ee728b)  -> (artifact id: 'aebbc24bef553223b07e2b3ce86b8379') in 0.050519 seconds 
========================================================================
Received Import Request.
  Time since last request: 0.000037 seconds.
  path: Assets/Game Folder/Materials/Wire_exposde.mat
  artifactKey: Guid(4bdd9659926b6e640ab4e74593a07fec) Importer(815301076,1909f56bfc062723c751e8b465ee728b)
Start importing Assets/Game Folder/Materials/Wire_exposde.mat using Guid(4bdd9659926b6e640ab4e74593a07fec) Importer(815301076,1909f56bfc062723c751e8b465ee728b)  -> (artifact id: '1d70b0a8276e832f5dc13e61759d9464') in 0.015926 seconds 
========================================================================
Received Import Request.
  Time since last request: 0.000027 seconds.
  path: Assets/Game Folder/Materials/rock.mat
  artifactKey: Guid(e3e5fe4c8513be942a4a86fbe49306a4) Importer(815301076,1909f56bfc062723c751e8b465ee728b)
Start importing Assets/Game Folder/Materials/rock.mat using Guid(e3e5fe4c8513be942a4a86fbe49306a4) Importer(815301076,1909f56bfc062723c751e8b465ee728b)  -> (artifact id: 'df95eaa98ad914881bab4a675b64c942') in 0.016385 seconds 
========================================================================
Received Import Request.
  Time since last request: 0.000022 seconds.
  path: Assets/Game Folder/Materials/Wire_Exposed2.mat
  artifactKey: Guid(ff0c0416224c9c14fa535540af4d6f1c) Importer(815301076,1909f56bfc062723c751e8b465ee728b)
Start importing Assets/Game Folder/Materials/Wire_Exposed2.mat using Guid(ff0c0416224c9c14fa535540af4d6f1c) Importer(815301076,1909f56bfc062723c751e8b465ee728b)  -> (artifact id: '472073e88a94b9003fe7e81f7013a95b') in 0.015174 seconds 
========================================================================
Received Import Request.
  Time since last request: 9.893366 seconds.
  path: Assets/Game Folder/Materials
  artifactKey: Guid(b9f76b9defdd40248be02ad383307f0f) Importer(815301076,1909f56bfc062723c751e8b465ee728b)
Start importing Assets/Game Folder/Materials using Guid(b9f76b9defdd40248be02ad383307f0f) Importer(815301076,1909f56bfc062723c751e8b465ee728b)  -> (artifact id: '11829e25eb21788305f373cbd1580a0a') in 0.006992 seconds 
========================================================================
Received Import Request.
  Time since last request: 8.871726 seconds.
  path: Assets/Island Prefabs/Materials/Material Base Color 1.mat
  artifactKey: Guid(9d086741443dc0941a4891cfa9f3cd88) Importer(815301076,1909f56bfc062723c751e8b465ee728b)
Start importing Assets/Island Prefabs/Materials/Material Base Color 1.mat using Guid(9d086741443dc0941a4891cfa9f3cd88) Importer(815301076,1909f56bfc062723c751e8b465ee728b)  -> (artifact id: '0f0334c5755cea479472d955507ee059') in 0.013141 seconds 
========================================================================
Received Import Request.
  Time since last request: 5.089398 seconds.
  path: Assets/Prefabs/AdaptiveAudioManager.prefab
  artifactKey: Guid(62b3a718bc5c50a439ffa44e11433191) Importer(815301076,1909f56bfc062723c751e8b465ee728b)
Start importing Assets/Prefabs/AdaptiveAudioManager.prefab using Guid(62b3a718bc5c50a439ffa44e11433191) Importer(815301076,1909f56bfc062723c751e8b465ee728b)  -> (artifact id: 'c4962ecffeb7d5d5067c7749b018f1f9') in 0.019460 seconds 
========================================================================
Received Import Request.
  Time since last request: 0.000022 seconds.
  path: Assets/Prefabs/Instruments.prefab
  artifactKey: Guid(23f6b3fca81a060468c68d03cb3c1f04) Importer(815301076,1909f56bfc062723c751e8b465ee728b)
Start importing Assets/Prefabs/Instruments.prefab using Guid(23f6b3fca81a060468c68d03cb3c1f04) Importer(815301076,1909f56bfc062723c751e8b465ee728b)  -> (artifact id: 'cc36bfdb327e408bf9353642285d8af0') in 0.011463 seconds 
========================================================================
Received Import Request.
  Time since last request: 0.000020 seconds.
  path: Assets/Prefabs/Palm Trees.prefab
  artifactKey: Guid(ed8c091e3fa5ca649a330ec92469a679) Importer(815301076,1909f56bfc062723c751e8b465ee728b)
Start importing Assets/Prefabs/Palm Trees.prefab using Guid(ed8c091e3fa5ca649a330ec92469a679) Importer(815301076,1909f56bfc062723c751e8b465ee728b)  -> (artifact id: 'e222b28d04f501b0a5d6ce5da33d4d98') in 0.064972 seconds 
========================================================================
Received Import Request.
  Time since last request: 44.823931 seconds.
  path: Assets/Island Prefabs/Water.prefab
  artifactKey: Guid(5e6f3f77d2d81b44caf36515a5f75cde) Importer(815301076,1909f56bfc062723c751e8b465ee728b)
Start importing Assets/Island Prefabs/Water.prefab using Guid(5e6f3f77d2d81b44caf36515a5f75cde) Importer(815301076,1909f56bfc062723c751e8b465ee728b)  -> (artifact id: 'fe094dd0fd96f1ffd02e852dfdd7f309') in 0.017796 seconds 
========================================================================
Received Import Request.
  Time since last request: 6.087182 seconds.
  path: Assets/Pre/axe.fbx
  artifactKey: Guid(de932e7830eb87840ba6b74735d7eb3e) Importer(815301076,1909f56bfc062723c751e8b465ee728b)
Start importing Assets/Pre/axe.fbx using Guid(de932e7830eb87840ba6b74735d7eb3e) Importer(815301076,1909f56bfc062723c751e8b465ee728b)  -> (artifact id: '3716f8e3bb7a9ed0c54bce5cf6e531ff') in 0.146681 seconds 
========================================================================
Received Import Request.
  Time since last request: 0.000026 seconds.
  path: Assets/Pre/ComputerConsole.fbx
  artifactKey: Guid(3464e27becc5a934aa9f7935748f5647) Importer(815301076,1909f56bfc062723c751e8b465ee728b)
Start importing Assets/Pre/ComputerConsole.fbx using Guid(3464e27becc5a934aa9f7935748f5647) Importer(815301076,1909f56bfc062723c751e8b465ee728b)  -> (artifact id: '4696706e71e4f8afa3fe1a3c9de1d873') in 0.055226 seconds 
========================================================================
Received Import Request.
  Time since last request: 0.000038 seconds.
  path: Assets/Pre/door.fbx
  artifactKey: Guid(53d9752081405084da2c1ee6cdcebfed) Importer(815301076,1909f56bfc062723c751e8b465ee728b)
Start importing Assets/Pre/door.fbx using Guid(53d9752081405084da2c1ee6cdcebfed) Importer(815301076,1909f56bfc062723c751e8b465ee728b)  -> (artifact id: '6a849761eb09e5f1bd8dd7b98eab4939') in 0.030303 seconds 
========================================================================
Received Import Request.
  Time since last request: 5.502471 seconds.
  path: Assets/Prefabs
  artifactKey: Guid(5ca0ff4a01ebf37499911fe238305617) Importer(815301076,1909f56bfc062723c751e8b465ee728b)
Start importing Assets/Prefabs using Guid(5ca0ff4a01ebf37499911fe238305617) Importer(815301076,1909f56bfc062723c751e8b465ee728b)  -> (artifact id: '611096ba92aafa54a09b9b0f3f38a1f7') in 0.007905 seconds 
========================================================================
Received Import Request.
  Time since last request: 3.825715 seconds.
  path: Assets/Prefabs/Audio
  artifactKey: Guid(c631ef7d81d5490438b899a12ca11200) Importer(815301076,1909f56bfc062723c751e8b465ee728b)
Start importing Assets/Prefabs/Audio using Guid(c631ef7d81d5490438b899a12ca11200) Importer(815301076,1909f56bfc062723c751e8b465ee728b)  -> (artifact id: '2dc75cd2560138bbd21299f40b4fe30a') in 0.006910 seconds 
========================================================================
Received Import Request.
  Time since last request: 4.973318 seconds.
  path: Assets/Prefabs/Island
  artifactKey: Guid(ba3614657176d7c4bb8200bc3d9f851e) Importer(815301076,1909f56bfc062723c751e8b465ee728b)
Start importing Assets/Prefabs/Island using Guid(ba3614657176d7c4bb8200bc3d9f851e) Importer(815301076,1909f56bfc062723c751e8b465ee728b)  -> (artifact id: '317646cbbd782fc589c0e6e38839a802') in 0.002954 seconds 
========================================================================
Received Import Request.
  Time since last request: 4.859858 seconds.
  path: Assets/Prefabs/Interior
  artifactKey: Guid(6a743b86b508b4d49bbe4e71390e4830) Importer(815301076,1909f56bfc062723c751e8b465ee728b)
Start importing Assets/Prefabs/Interior using Guid(6a743b86b508b4d49bbe4e71390e4830) Importer(815301076,1909f56bfc062723c751e8b465ee728b)  -> (artifact id: '50b90bf57353cd47f1ee55e5cb79c88b') in 0.006220 seconds 
========================================================================
Received Import Request.
  Time since last request: 4.424691 seconds.
  path: Assets/Prefabs/General
  artifactKey: Guid(d6a81e84f3ba68741832c0e50a9b9070) Importer(815301076,1909f56bfc062723c751e8b465ee728b)
Start importing Assets/Prefabs/General using Guid(d6a81e84f3ba68741832c0e50a9b9070) Importer(815301076,1909f56bfc062723c751e8b465ee728b)  -> (artifact id: '523e0f22e7297bc5c3703cf065e65590') in 0.021115 seconds 
========================================================================
Received Import Request.
  Time since last request: 55.933284 seconds.
  path: Assets/Materials
  artifactKey: Guid(db2c2fa21a5424b459cfb4985548f604) Importer(815301076,1909f56bfc062723c751e8b465ee728b)
Start importing Assets/Materials using Guid(db2c2fa21a5424b459cfb4985548f604) Importer(815301076,1909f56bfc062723c751e8b465ee728b)  -> (artifact id: 'bfde18aa07e440bcc0c18a94231cdecb') in 0.002369 seconds 
========================================================================
Received Import Request.
  Time since last request: 9.158382 seconds.
  path: Assets/Textures
  artifactKey: Guid(3fcbfacb76ff24747a19c8ffe2960024) Importer(815301076,1909f56bfc062723c751e8b465ee728b)
Start importing Assets/Textures using Guid(3fcbfacb76ff24747a19c8ffe2960024) Importer(815301076,1909f56bfc062723c751e8b465ee728b)  -> (artifact id: 'bf8e73d77c98454b9a6ae3f831efb2bf') in 0.006415 seconds 
========================================================================
Received Import Request.
  Time since last request: 33.409098 seconds.
  path: Assets/GameAudio/AudioFiles
  artifactKey: Guid(968fee11cb632f149bc77e30d09b5c41) Importer(815301076,1909f56bfc062723c751e8b465ee728b)
Start importing Assets/GameAudio/AudioFiles using Guid(968fee11cb632f149bc77e30d09b5c41) Importer(815301076,1909f56bfc062723c751e8b465ee728b)  -> (artifact id: 'f329fc5846702a242fe4903538e6d709') in 0.006301 seconds 
========================================================================
Received Import Request.
  Time since last request: 6.430253 seconds.
  path: Assets/Prefabs/Island/palmtree.fbx
  artifactKey: Guid(f35f6f6eb5f89c74d986e515f8cb14ba) Importer(815301076,1909f56bfc062723c751e8b465ee728b)
Start importing Assets/Prefabs/Island/palmtree.fbx using Guid(f35f6f6eb5f89c74d986e515f8cb14ba) Importer(815301076,1909f56bfc062723c751e8b465ee728b)  -> (artifact id: '9cdbe04000a6ffe7ed4bf9630b1f8f24') in 0.065878 seconds 
========================================================================
Received Import Request.
  Time since last request: 12.281298 seconds.
  path: Assets/Prefabs/General/axe.fbx
  artifactKey: Guid(de932e7830eb87840ba6b74735d7eb3e) Importer(815301076,1909f56bfc062723c751e8b465ee728b)
Start importing Assets/Prefabs/General/axe.fbx using Guid(de932e7830eb87840ba6b74735d7eb3e) Importer(815301076,1909f56bfc062723c751e8b465ee728b)  -> (artifact id: '12fbc7c3b32b595275af58b48c832a1b') in 0.049425 seconds 
========================================================================
Received Import Request.
  Time since last request: 0.000020 seconds.
  path: Assets/Prefabs/General/ComputerConsole.fbx
  artifactKey: Guid(3464e27becc5a934aa9f7935748f5647) Importer(815301076,1909f56bfc062723c751e8b465ee728b)
Start importing Assets/Prefabs/General/ComputerConsole.fbx using Guid(3464e27becc5a934aa9f7935748f5647) Importer(815301076,1909f56bfc062723c751e8b465ee728b)  -> (artifact id: '3b6cde733813925ebe99f7320079ad4b') in 0.060257 seconds 
========================================================================
Received Import Request.
  Time since last request: 0.000024 seconds.
  path: Assets/Prefabs/General/lever.fbx
  artifactKey: Guid(25f39189a2d749445842672cccbb31f6) Importer(815301076,1909f56bfc062723c751e8b465ee728b)
Start importing Assets/Prefabs/General/lever.fbx using Guid(25f39189a2d749445842672cccbb31f6) Importer(815301076,1909f56bfc062723c751e8b465ee728b)  -> (artifact id: '5559b76623fcd3f364a96716af741e3f') in 0.054428 seconds 
========================================================================
Received Import Request.
  Time since last request: 2.170763 seconds.
  path: Assets/Prefabs/Interior/headpractice.fbx
  artifactKey: Guid(cb47dd686a9f7874c99844ca3163cb0a) Importer(815301076,1909f56bfc062723c751e8b465ee728b)
Start importing Assets/Prefabs/Interior/headpractice.fbx using Guid(cb47dd686a9f7874c99844ca3163cb0a) Importer(815301076,1909f56bfc062723c751e8b465ee728b)  -> (artifact id: '1039c7cce0db8b555d39c9808386b9a8') in 0.098822 seconds 
========================================================================
Received Import Request.
  Time since last request: 14.902683 seconds.
  path: Assets/Materials/Sand.mat
  artifactKey: Guid(5d43c015e98d30343b7f65768d24d664) Importer(815301076,1909f56bfc062723c751e8b465ee728b)
Start importing Assets/Materials/Sand.mat using Guid(5d43c015e98d30343b7f65768d24d664) Importer(815301076,1909f56bfc062723c751e8b465ee728b)  -> (artifact id: '76c7820f5e0fc43ea87455894109713e') in 0.024124 seconds 
========================================================================
Received Import Request.
  Time since last request: 113.600531 seconds.
  path: Assets/Materials/Rock.mat
  artifactKey: Guid(d2169fe8d0db784438a2aadbba861d23) Importer(815301076,1909f56bfc062723c751e8b465ee728b)
Start importing Assets/Materials/Rock.mat using Guid(d2169fe8d0db784438a2aadbba861d23) Importer(815301076,1909f56bfc062723c751e8b465ee728b)  -> (artifact id: '1b12f33fa5d01a14fc476b57516440ae') in 0.013856 seconds 
