Using pre-set license
Built from '2021.3/staging' branch; Version is '2021.3.11f1 (0a5ca18544bf) revision 679073'; Using compiler version '192829333'; Build Type 'Release'
OS: 'Windows 10  (10.0.19044) 64bit Professional' Language: 'en' Physical Memory: 32644 MB
BatchMode: 1, IsHumanControllingUs: 0, StartBugReporterOnCrash: 0, Is64bit: 1, IsPro: 1

COMMAND LINE ARGUMENTS:
D:\Unity Versions\2021.3.11f1\Editor\Unity.exe
-adb2
-batchMode
-noUpm
-name
AssetImportWorker2
-projectPath
F:/GIMM480/Dawn Chorus Game/DawnChorus/DawnChorus
-logFile
Logs/AssetImportWorker2.log
-srvPort
54855
Successfully changed project path to: F:/GIMM480/Dawn Chorus Game/DawnChorus/DawnChorus
F:/GIMM480/Dawn Chorus Game/DawnChorus/DawnChorus
[UnityMemory] Configuration Parameters - Can be set up in boot.config
    "memorysetup-bucket-allocator-granularity=16"
    "memorysetup-bucket-allocator-bucket-count=8"
    "memorysetup-bucket-allocator-block-size=33554432"
    "memorysetup-bucket-allocator-block-count=8"
    "memorysetup-main-allocator-block-size=16777216"
    "memorysetup-thread-allocator-block-size=16777216"
    "memorysetup-gfx-main-allocator-block-size=16777216"
    "memorysetup-gfx-thread-allocator-block-size=16777216"
    "memorysetup-cache-allocator-block-size=4194304"
    "memorysetup-typetree-allocator-block-size=2097152"
    "memorysetup-profiler-bucket-allocator-granularity=16"
    "memorysetup-profiler-bucket-allocator-bucket-count=8"
    "memorysetup-profiler-bucket-allocator-block-size=33554432"
    "memorysetup-profiler-bucket-allocator-block-count=8"
    "memorysetup-profiler-allocator-block-size=16777216"
    "memorysetup-profiler-editor-allocator-block-size=1048576"
    "memorysetup-temp-allocator-size-main=16777216"
    "memorysetup-job-temp-allocator-block-size=2097152"
    "memorysetup-job-temp-allocator-block-size-background=1048576"
    "memorysetup-job-temp-allocator-reduction-small-platforms=262144"
    "memorysetup-temp-allocator-size-background-worker=32768"
    "memorysetup-temp-allocator-size-job-worker=262144"
    "memorysetup-temp-allocator-size-preload-manager=33554432"
    "memorysetup-temp-allocator-size-nav-mesh-worker=65536"
    "memorysetup-temp-allocator-size-audio-worker=65536"
    "memorysetup-temp-allocator-size-cloud-worker=32768"
    "memorysetup-temp-allocator-size-gi-baking-worker=262144"
    "memorysetup-temp-allocator-size-gfx=262144"
Refreshing native plugins compatible for Editor in 134.23 ms, found 3 plugins.
Preloading 0 native plugins for Editor in 0.00 ms.
Initialize engine version: 2021.3.11f1 (0a5ca18544bf)
[Subsystems] Discovering subsystems at path D:/Unity Versions/2021.3.11f1/Editor/Data/Resources/UnitySubsystems
[Subsystems] Discovering subsystems at path F:/GIMM480/Dawn Chorus Game/DawnChorus/DawnChorus/Assets
GfxDevice: creating device client; threaded=0; jobified=0
Direct3D:
    Version:  Direct3D 11.0 [level 11.1]
    Renderer: NVIDIA GeForce RTX 2060 (ID=0x1f11)
    Vendor:   NVIDIA
    VRAM:     5980 MB
    Driver:   30.0.15.1278
Initialize mono
Mono path[0] = 'D:/Unity Versions/2021.3.11f1/Editor/Data/Managed'
Mono path[1] = 'D:/Unity Versions/2021.3.11f1/Editor/Data/MonoBleedingEdge/lib/mono/unityjit-win32'
Mono config path = 'D:/Unity Versions/2021.3.11f1/Editor/Data/MonoBleedingEdge/etc'
Using monoOptions --debugger-agent=transport=dt_socket,embedding=1,server=y,suspend=n,address=127.0.0.1:56068
Begin MonoManager ReloadAssembly
Registering precompiled unity dll's ...
Register platform support module: D:/Unity Versions/2021.3.11f1/Editor/Data/PlaybackEngines/WindowsStandaloneSupport/UnityEditor.WindowsStandalone.Extensions.dll
Registered in 0.003419 seconds.
Native extension for WindowsStandalone target not found
Refreshing native plugins compatible for Editor in 150.65 ms, found 3 plugins.
Preloading 0 native plugins for Editor in 0.00 ms.
Mono: successfully reloaded assembly
- Completed reload, in  0.849 seconds
Domain Reload Profiling:
	ReloadAssembly (850ms)
		BeginReloadAssembly (85ms)
			ExecutionOrderSort (0ms)
			DisableScriptedObjects (0ms)
			BackupInstance (0ms)
			ReleaseScriptingObjects (0ms)
			CreateAndSetChildDomain (1ms)
		EndReloadAssembly (623ms)
			LoadAssemblies (84ms)
			RebuildTransferFunctionScriptingTraits (0ms)
			SetupTypeCache (138ms)
			ReleaseScriptCaches (0ms)
			RebuildScriptCaches (42ms)
			SetupLoadedEditorAssemblies (378ms)
				LogAssemblyErrors (0ms)
				InitializePlatformSupportModulesInManaged (9ms)
				SetLoadedEditorAssemblies (0ms)
				RefreshPlugins (151ms)
				BeforeProcessingInitializeOnLoad (2ms)
				ProcessInitializeOnLoadAttributes (158ms)
				ProcessInitializeOnLoadMethodAttributes (58ms)
				AfterProcessingInitializeOnLoad (0ms)
				EditorAssembliesLoaded (0ms)
			ExecutionOrderSort2 (0ms)
			AwakeInstancesAfterBackupRestoration (0ms)
Platform modules already initialized, skipping
Registering precompiled user dll's ...
Registered in 0.009560 seconds.
Begin MonoManager ReloadAssembly
Symbol file LoadedFromMemory doesn't match image F:\GIMM480\Dawn Chorus Game\DawnChorus\DawnChorus\Library\PackageCache\com.unity.visualscripting@1.7.8\Editor\VisualScripting.Core\Dependencies\YamlDotNet\Unity.VisualScripting.YamlDotNet.dll
Symbol file LoadedFromMemory doesn't match image F:\GIMM480\Dawn Chorus Game\DawnChorus\DawnChorus\Library\PackageCache\com.unity.visualscripting@1.7.8\Editor\VisualScripting.Core\Dependencies\DotNetZip\Unity.VisualScripting.IonicZip.dll
Native extension for WindowsStandalone target not found
Refreshing native plugins compatible for Editor in 140.06 ms, found 3 plugins.
Preloading 0 native plugins for Editor in 0.00 ms.
Mono: successfully reloaded assembly
- Completed reload, in  1.682 seconds
Domain Reload Profiling:
	ReloadAssembly (1683ms)
		BeginReloadAssembly (117ms)
			ExecutionOrderSort (0ms)
			DisableScriptedObjects (7ms)
			BackupInstance (0ms)
			ReleaseScriptingObjects (0ms)
			CreateAndSetChildDomain (22ms)
		EndReloadAssembly (1432ms)
			LoadAssemblies (97ms)
			RebuildTransferFunctionScriptingTraits (0ms)
			SetupTypeCache (422ms)
			ReleaseScriptCaches (1ms)
			RebuildScriptCaches (112ms)
			SetupLoadedEditorAssemblies (707ms)
				LogAssemblyErrors (0ms)
				InitializePlatformSupportModulesInManaged (3ms)
				SetLoadedEditorAssemblies (1ms)
				RefreshPlugins (140ms)
				BeforeProcessingInitializeOnLoad (149ms)
				ProcessInitializeOnLoadAttributes (309ms)
				ProcessInitializeOnLoadMethodAttributes (101ms)
				AfterProcessingInitializeOnLoad (3ms)
				EditorAssembliesLoaded (0ms)
			ExecutionOrderSort2 (0ms)
			AwakeInstancesAfterBackupRestoration (7ms)
Platform modules already initialized, skipping
========================================================================
Worker process is ready to serve import requests
Launched and connected shader compiler UnityShaderCompiler.exe after 0.05 seconds
Refreshing native plugins compatible for Editor in 1.00 ms, found 3 plugins.
Preloading 0 native plugins for Editor in 0.00 ms.
Unloading 5533 Unused Serialized files (Serialized files now loaded: 0)
Unloading 38 unused Assets / (0.8 MB). Loaded Objects now: 5983.
Memory consumption went from 219.7 MB to 218.8 MB.
Total: 4.942500 ms (FindLiveObjects: 0.486900 ms CreateObjectMapping: 0.487000 ms MarkObjects: 3.563100 ms  DeleteObjects: 0.404500 ms)

AssetImportParameters requested are different than current active one (requested -> active):
  custom:video-decoder-ogg-theora: a1e56fd34408186e4bbccfd4996cb3dc -> 
  custom:container-muxer-webm: aa71ff27fc2769a1b78a27578f13a17b -> 
  custom:container-demuxer-webm: 4f35f7cbe854078d1ac9338744f61a02 -> 
  custom:video-encoder-webm-vp8: eb34c28f22e8b96e1ab97ce403110664 -> 
  custom:video-codec-MediaFoundation-h265: 746d11721c4dcdbdad8f713fa42b33f4 -> 
  custom:audio-encoder-webm-vorbis: bf7c407c2cedff20999df2af8eb42d56 -> 
  custom:framework-win-MediaFoundation: 216162199b28c13a410421893ffa2e32 -> 
  custom:container-demuxer-ogg: 62fdf1f143b41e24485cea50d1cbac27 -> 
  custom:video-decoder-webm-vp8: 9c59270c3fd7afecdb556c50c9e8de78 -> 
  custom:audio-decoder-ogg-vorbis: bf7c407c2cedff20999df2af8eb42d56 -> 
========================================================================
Received Import Request.
  Time since last request: 425160.663269 seconds.
  path: Assets/Textures/beachsand.jfif
  artifactKey: Guid(02b0ca62e8f3cae498da37bf11713289) Importer(815301076,1909f56bfc062723c751e8b465ee728b)
Start importing Assets/Textures/beachsand.jfif using Guid(02b0ca62e8f3cae498da37bf11713289) Importer(815301076,1909f56bfc062723c751e8b465ee728b)  -> (artifact id: 'fceefadbaf2063577a1f1423e9cf0e9f') in 0.071423 seconds 
========================================================================
Received Import Request.
  Time since last request: 27.887501 seconds.
  path: Assets/Textures/beachsand.jpg
  artifactKey: Guid(bff3de872b6d2224a93756146309ed68) Importer(815301076,1909f56bfc062723c751e8b465ee728b)
Start importing Assets/Textures/beachsand.jpg using Guid(bff3de872b6d2224a93756146309ed68) Importer(815301076,1909f56bfc062723c751e8b465ee728b)  -> (artifact id: 'db02e6735729ed7548b7dc962f24d98e') in 0.050442 seconds 
========================================================================
Received Import Request.
  Time since last request: 32.152790 seconds.
  path: Assets/Textures/beachsand.jpg
  artifactKey: Guid(bff3de872b6d2224a93756146309ed68) Importer(815301076,1909f56bfc062723c751e8b465ee728b)
Start importing Assets/Textures/beachsand.jpg using Guid(bff3de872b6d2224a93756146309ed68) Importer(815301076,1909f56bfc062723c751e8b465ee728b)  -> (artifact id: 'bb92f910a9a0d8c3a451318d0aa018c4') in 0.042509 seconds 
========================================================================
Received Import Request.
  Time since last request: 195.361698 seconds.
  path: Assets/Textures/beachsand2.jpg
  artifactKey: Guid(20d578c7c89a05d46bce79c9c3066ccb) Importer(815301076,1909f56bfc062723c751e8b465ee728b)
Start importing Assets/Textures/beachsand2.jpg using Guid(20d578c7c89a05d46bce79c9c3066ccb) Importer(815301076,1909f56bfc062723c751e8b465ee728b)  -> (artifact id: '1129ddb2efa7375e3cf6d8987c7ca0cb') in 0.024622 seconds 
========================================================================
Received Import Request.
  Time since last request: 60.382991 seconds.
  path: Assets/Textures/beachsand2.jpg
  artifactKey: Guid(20d578c7c89a05d46bce79c9c3066ccb) Importer(815301076,1909f56bfc062723c751e8b465ee728b)
Start importing Assets/Textures/beachsand2.jpg using Guid(20d578c7c89a05d46bce79c9c3066ccb) Importer(815301076,1909f56bfc062723c751e8b465ee728b)  -> (artifact id: '9aa26765fe6b80584767e3e63d5d8df4') in 0.029771 seconds 
========================================================================
Received Import Request.
  Time since last request: 198.900401 seconds.
  path: Assets/Materials/Rock.mat
  artifactKey: Guid(d2169fe8d0db784438a2aadbba861d23) Importer(815301076,1909f56bfc062723c751e8b465ee728b)
Start importing Assets/Materials/Rock.mat using Guid(d2169fe8d0db784438a2aadbba861d23) Importer(815301076,1909f56bfc062723c751e8b465ee728b)  -> (artifact id: '894238f79705a10f33a497bb2e6b5900') in 0.254293 seconds 
========================================================================
Received Import Request.
  Time since last request: 210.127685 seconds.
  path: Assets/Materials/Rock.mat
  artifactKey: Guid(d2169fe8d0db784438a2aadbba861d23) Importer(815301076,1909f56bfc062723c751e8b465ee728b)
Start importing Assets/Materials/Rock.mat using Guid(d2169fe8d0db784438a2aadbba861d23) Importer(815301076,1909f56bfc062723c751e8b465ee728b)  -> (artifact id: '26f4066702e71d72745069462bfab263') in 0.033414 seconds 
========================================================================
Received Import Request.
  Time since last request: 40.946580 seconds.
  path: Assets/Materials/Wood.mat
  artifactKey: Guid(fb096905a5306e149bd58cf74c02e707) Importer(815301076,1909f56bfc062723c751e8b465ee728b)
Start importing Assets/Materials/Wood.mat using Guid(fb096905a5306e149bd58cf74c02e707) Importer(815301076,1909f56bfc062723c751e8b465ee728b)  -> (artifact id: 'ceea8828816a64a86c1a41f53f9807db') in 0.024003 seconds 
========================================================================
Received Import Request.
  Time since last request: 51.528099 seconds.
  path: Assets/Textures/wood.jpg
  artifactKey: Guid(dde54dbe68b0c6b49957f6573aabab9e) Importer(815301076,1909f56bfc062723c751e8b465ee728b)
Start importing Assets/Textures/wood.jpg using Guid(dde54dbe68b0c6b49957f6573aabab9e) Importer(815301076,1909f56bfc062723c751e8b465ee728b)  -> (artifact id: 'd6fe91c9e619b5e5d994942f673f5c4b') in 0.026759 seconds 
========================================================================
Received Import Request.
  Time since last request: 7.666291 seconds.
  path: Assets/Textures/wood.jpg
  artifactKey: Guid(dde54dbe68b0c6b49957f6573aabab9e) Importer(815301076,1909f56bfc062723c751e8b465ee728b)
Start importing Assets/Textures/wood.jpg using Guid(dde54dbe68b0c6b49957f6573aabab9e) Importer(815301076,1909f56bfc062723c751e8b465ee728b)  -> (artifact id: '131a5dd2e69295d09d19aa906ea5807c') in 0.014801 seconds 
========================================================================
Received Import Request.
  Time since last request: 34.766102 seconds.
  path: Assets/Prefabs/Island/bridge.prefab
  artifactKey: Guid(01c00cea56d184e4292adad8fa28208a) Importer(815301076,1909f56bfc062723c751e8b465ee728b)
Start importing Assets/Prefabs/Island/bridge.prefab using Guid(01c00cea56d184e4292adad8fa28208a) Importer(815301076,1909f56bfc062723c751e8b465ee728b)  -> (artifact id: 'b75bb3f7306c3f6253dd054cb8c5ffc7') in 0.023988 seconds 
========================================================================
Received Import Request.
  Time since last request: 82.491567 seconds.
  path: Assets/Prefabs/Island/Boat.prefab
  artifactKey: Guid(c958a4f417070d346beeabcc3a0b8eb6) Importer(815301076,1909f56bfc062723c751e8b465ee728b)
Start importing Assets/Prefabs/Island/Boat.prefab using Guid(c958a4f417070d346beeabcc3a0b8eb6) Importer(815301076,1909f56bfc062723c751e8b465ee728b)  -> (artifact id: 'fb1cbe17b21c05e2267156bbe3ec8e8e') in 0.012225 seconds 
========================================================================
Received Import Request.
  Time since last request: 11.728086 seconds.
  path: Assets/Materials/Boat.mat
  artifactKey: Guid(56a544d13bedeeb40b4e54c9ac17fbf2) Importer(815301076,1909f56bfc062723c751e8b465ee728b)
Start importing Assets/Materials/Boat.mat using Guid(56a544d13bedeeb40b4e54c9ac17fbf2) Importer(815301076,1909f56bfc062723c751e8b465ee728b)  -> (artifact id: '54c354dc72aa001e64e399b4960d1789') in 0.022696 seconds 
========================================================================
Received Import Request.
  Time since last request: 11.216959 seconds.
  path: Assets/Materials/BoatTrim.mat
  artifactKey: Guid(c4c666393f40ce841983ce29d5320809) Importer(815301076,1909f56bfc062723c751e8b465ee728b)
Start importing Assets/Materials/BoatTrim.mat using Guid(c4c666393f40ce841983ce29d5320809) Importer(815301076,1909f56bfc062723c751e8b465ee728b)  -> (artifact id: '6c0d6ded968f7ae5f0ca8c08b2e08038') in 0.018422 seconds 
========================================================================
Received Import Request.
  Time since last request: 3.685362 seconds.
  path: Assets/Materials/Boat
  artifactKey: Guid(23f4eb65ec567674db737de19f487d17) Importer(815301076,1909f56bfc062723c751e8b465ee728b)
Start importing Assets/Materials/Boat using Guid(23f4eb65ec567674db737de19f487d17) Importer(815301076,1909f56bfc062723c751e8b465ee728b)  -> (artifact id: '6990df9aa6851b5da1835576cd670b77') in 0.002558 seconds 
========================================================================
Received Import Request.
  Time since last request: 23.907711 seconds.
  path: Assets/Materials/Boat/BoatTrim.mat
  artifactKey: Guid(c4c666393f40ce841983ce29d5320809) Importer(815301076,1909f56bfc062723c751e8b465ee728b)
Start importing Assets/Materials/Boat/BoatTrim.mat using Guid(c4c666393f40ce841983ce29d5320809) Importer(815301076,1909f56bfc062723c751e8b465ee728b)  -> (artifact id: '996dc0a7f8713e4d0955dc46a466d125') in 0.020830 seconds 
========================================================================
Received Import Request.
  Time since last request: 212.069085 seconds.
  path: Assets/Universal Render Pipeline Asset.asset
  artifactKey: Guid(2ff1d12c54a168248ad5f1bdd98363c8) Importer(815301076,1909f56bfc062723c751e8b465ee728b)
Start importing Assets/Universal Render Pipeline Asset.asset using Guid(2ff1d12c54a168248ad5f1bdd98363c8) Importer(815301076,1909f56bfc062723c751e8b465ee728b)  -> (artifact id: 'f8962cdd2ec777bca9c66dd7d0f40cbf') in 0.009587 seconds 
========================================================================
Received Prepare
Refreshing native plugins compatible for Editor in 4.27 ms, found 3 plugins.
Preloading 0 native plugins for Editor in 0.00 ms.
Unloading 30 Unused Serialized files (Serialized files now loaded: 0)
Unloading 31 unused Assets / (0.8 MB). Loaded Objects now: 6110.
Memory consumption went from 108.5 MB to 107.7 MB.
Total: 5.986100 ms (FindLiveObjects: 0.511400 ms CreateObjectMapping: 0.482800 ms MarkObjects: 4.557900 ms  DeleteObjects: 0.433000 ms)

AssetImportParameters requested are different than current active one (requested -> active):
  custom:video-decoder-ogg-theora: a1e56fd34408186e4bbccfd4996cb3dc -> 
  custom:container-muxer-webm: aa71ff27fc2769a1b78a27578f13a17b -> 
  custom:container-demuxer-webm: 4f35f7cbe854078d1ac9338744f61a02 -> 
  custom:video-encoder-webm-vp8: eb34c28f22e8b96e1ab97ce403110664 -> 
  custom:video-codec-MediaFoundation-h265: 746d11721c4dcdbdad8f713fa42b33f4 -> 
  custom:audio-encoder-webm-vorbis: bf7c407c2cedff20999df2af8eb42d56 -> 
  custom:framework-win-MediaFoundation: 216162199b28c13a410421893ffa2e32 -> 
  custom:container-demuxer-ogg: 62fdf1f143b41e24485cea50d1cbac27 -> 
  custom:video-decoder-webm-vp8: 9c59270c3fd7afecdb556c50c9e8de78 -> 
  custom:audio-decoder-ogg-vorbis: bf7c407c2cedff20999df2af8eb42d56 -> 
========================================================================
Received Import Request.
  Time since last request: 8.132016 seconds.
  path: Assets/Prefabs/Test Plane.prefab
  artifactKey: Guid(57e09ba266827f2498a3e7c8573cfb9b) Importer(815301076,1909f56bfc062723c751e8b465ee728b)
Start importing Assets/Prefabs/Test Plane.prefab using Guid(57e09ba266827f2498a3e7c8573cfb9b) Importer(815301076,1909f56bfc062723c751e8b465ee728b)  -> (artifact id: '56861937c4cfe4f2904b9cf084081330') in 0.023857 seconds 
========================================================================
Received Import Request.
  Time since last request: 0.768865 seconds.
  path: Assets/Materials/Rock.mat
  artifactKey: Guid(d2169fe8d0db784438a2aadbba861d23) Importer(815301076,1909f56bfc062723c751e8b465ee728b)
Start importing Assets/Materials/Rock.mat using Guid(d2169fe8d0db784438a2aadbba861d23) Importer(815301076,1909f56bfc062723c751e8b465ee728b)  -> (artifact id: 'f9e11a5d6dc2522f94f6b3ba83794faa') in 0.015781 seconds 
========================================================================
Received Import Request.
  Time since last request: 0.000024 seconds.
  path: Assets/Materials/Wood.mat
  artifactKey: Guid(fb096905a5306e149bd58cf74c02e707) Importer(815301076,1909f56bfc062723c751e8b465ee728b)
Start importing Assets/Materials/Wood.mat using Guid(fb096905a5306e149bd58cf74c02e707) Importer(815301076,1909f56bfc062723c751e8b465ee728b)  -> (artifact id: 'cf1acfc420b5d9f93231089a39aa3424') in 0.017305 seconds 
========================================================================
Received Import Request.
  Time since last request: 100.336349 seconds.
  path: Assets/Prefabs/Island/Boat.prefab
  artifactKey: Guid(c958a4f417070d346beeabcc3a0b8eb6) Importer(815301076,1909f56bfc062723c751e8b465ee728b)
Start importing Assets/Prefabs/Island/Boat.prefab using Guid(c958a4f417070d346beeabcc3a0b8eb6) Importer(815301076,1909f56bfc062723c751e8b465ee728b)  -> (artifact id: '987da19db993aeb52b1d58b63622bfd0') in 0.008632 seconds 
========================================================================
Received Import Request.
  Time since last request: 0.000048 seconds.
  path: Assets/Prefabs/Island/PalmTree.prefab
  artifactKey: Guid(60c56561f73a7944892f4279c9cab754) Importer(815301076,1909f56bfc062723c751e8b465ee728b)
Start importing Assets/Prefabs/Island/PalmTree.prefab using Guid(60c56561f73a7944892f4279c9cab754) Importer(815301076,1909f56bfc062723c751e8b465ee728b)  -> (artifact id: '7df118b7de2979b16082b67986e5f1c0') in 0.130469 seconds 
========================================================================
Received Import Request.
  Time since last request: 0.000070 seconds.
  path: Assets/Prefabs/Island/palmtree4.fbx
  artifactKey: Guid(0f67cd7172a8419408825b811856aaac) Importer(815301076,1909f56bfc062723c751e8b465ee728b)
Start importing Assets/Prefabs/Island/palmtree4.fbx using Guid(0f67cd7172a8419408825b811856aaac) Importer(815301076,1909f56bfc062723c751e8b465ee728b)  -> (artifact id: '9083a2be3528498c5444a40ab11fd060') in 0.143020 seconds 
========================================================================
Received Import Request.
  Time since last request: 0.000045 seconds.
  path: Assets/Prefabs/Island/Palm Trees.prefab
  artifactKey: Guid(ed8c091e3fa5ca649a330ec92469a679) Importer(815301076,1909f56bfc062723c751e8b465ee728b)
Start importing Assets/Prefabs/Island/Palm Trees.prefab using Guid(ed8c091e3fa5ca649a330ec92469a679) Importer(815301076,1909f56bfc062723c751e8b465ee728b)  -> (artifact id: '9180fb1c84a2ea1714d1c2224b1d9200') in 0.057891 seconds 
========================================================================
Received Import Request.
  Time since last request: 0.256378 seconds.
  path: Assets/Materials/Boat/Boat.mat
  artifactKey: Guid(56a544d13bedeeb40b4e54c9ac17fbf2) Importer(815301076,1909f56bfc062723c751e8b465ee728b)
Start importing Assets/Materials/Boat/Boat.mat using Guid(56a544d13bedeeb40b4e54c9ac17fbf2) Importer(815301076,1909f56bfc062723c751e8b465ee728b)  -> (artifact id: '81a00c0d47bd70637aa68dccd640af9d') in 0.012383 seconds 
========================================================================
Received Import Request.
  Time since last request: 1.632620 seconds.
  path: Assets/Textures/beachsand.jpg
  artifactKey: Guid(bff3de872b6d2224a93756146309ed68) Importer(815301076,1909f56bfc062723c751e8b465ee728b)
Start importing Assets/Textures/beachsand.jpg using Guid(bff3de872b6d2224a93756146309ed68) Importer(815301076,1909f56bfc062723c751e8b465ee728b)  -> (artifact id: 'c009817f7ef4ead09794496422b142a2') in 0.018798 seconds 
========================================================================
Received Import Request.
  Time since last request: 0.000029 seconds.
  path: Assets/Textures/wood.jpg
  artifactKey: Guid(dde54dbe68b0c6b49957f6573aabab9e) Importer(815301076,1909f56bfc062723c751e8b465ee728b)
Start importing Assets/Textures/wood.jpg using Guid(dde54dbe68b0c6b49957f6573aabab9e) Importer(815301076,1909f56bfc062723c751e8b465ee728b)  -> (artifact id: '32d4197edfc8f5f6a0b2734e5981fe05') in 0.017078 seconds 
========================================================================
Received Import Request.
  Time since last request: 1.612692 seconds.
  path: Assets/Shaders/Water.mat
  artifactKey: Guid(6cc12cb79f8112543bfc03f1ac6ed3ce) Importer(815301076,1909f56bfc062723c751e8b465ee728b)
Start importing Assets/Shaders/Water.mat using Guid(6cc12cb79f8112543bfc03f1ac6ed3ce) Importer(815301076,1909f56bfc062723c751e8b465ee728b)  -> (artifact id: '83dc0617be1694be291e7eec49b2208a') in 0.027049 seconds 
========================================================================
Received Import Request.
  Time since last request: 3.103238 seconds.
  path: Assets/Shaders/Water.shadergraph
  artifactKey: Guid(e320973b49e13204db386c83aa89a09d) Importer(815301076,1909f56bfc062723c751e8b465ee728b)
Start importing Assets/Shaders/Water.shadergraph using Guid(e320973b49e13204db386c83aa89a09d) Importer(815301076,1909f56bfc062723c751e8b465ee728b)  -> (artifact id: '8e5fb99e479742b9389d2dbc73235a22') in 0.005766 seconds 
========================================================================
Received Prepare
Refreshing native plugins compatible for Editor in 5.15 ms, found 3 plugins.
Preloading 0 native plugins for Editor in 0.00 ms.
Unloading 32 Unused Serialized files (Serialized files now loaded: 0)
Unloading 31 unused Assets / (0.8 MB). Loaded Objects now: 6115.
Memory consumption went from 109.0 MB to 108.2 MB.
Total: 5.218800 ms (FindLiveObjects: 0.550900 ms CreateObjectMapping: 0.433200 ms MarkObjects: 3.829900 ms  DeleteObjects: 0.403800 ms)

AssetImportParameters requested are different than current active one (requested -> active):
  custom:video-decoder-ogg-theora: a1e56fd34408186e4bbccfd4996cb3dc -> 
  custom:container-muxer-webm: aa71ff27fc2769a1b78a27578f13a17b -> 
  custom:container-demuxer-webm: 4f35f7cbe854078d1ac9338744f61a02 -> 
  custom:video-encoder-webm-vp8: eb34c28f22e8b96e1ab97ce403110664 -> 
  custom:video-codec-MediaFoundation-h265: 746d11721c4dcdbdad8f713fa42b33f4 -> 
  custom:audio-encoder-webm-vorbis: bf7c407c2cedff20999df2af8eb42d56 -> 
  custom:framework-win-MediaFoundation: 216162199b28c13a410421893ffa2e32 -> 
  custom:container-demuxer-ogg: 62fdf1f143b41e24485cea50d1cbac27 -> 
  custom:video-decoder-webm-vp8: 9c59270c3fd7afecdb556c50c9e8de78 -> 
  custom:audio-decoder-ogg-vorbis: bf7c407c2cedff20999df2af8eb42d56 -> 
========================================================================
Received Import Request.
  Time since last request: 69.496784 seconds.
  path: Assets/Prefabs/Island/Boat.prefab
  artifactKey: Guid(c958a4f417070d346beeabcc3a0b8eb6) Importer(815301076,1909f56bfc062723c751e8b465ee728b)
Start importing Assets/Prefabs/Island/Boat.prefab using Guid(c958a4f417070d346beeabcc3a0b8eb6) Importer(815301076,1909f56bfc062723c751e8b465ee728b)  -> (artifact id: '57251c2fd921c43a33eeafd533a64e5e') in 0.012845 seconds 
